{"level":"info","message":"GET /api/load/getAllLoads/1/10?loadNumber=&weight=&loadAddress=&unloadAddress=&loadType= ::1 {} Mozilla/5.0 (Windows NT 10.0; Win64; x64) AppleWebKit/537.36 (KHTML, like Gecko) Chrome/120.0.0.0 Safari/537.36","timestamp":"2024-01-17T15:46:04.772Z"}
{"level":"info","message":"GET /api/user/getByRole/customer/1/20 ::1 {} PostmanRuntime/7.36.1","timestamp":"2024-01-17T16:01:19.323Z"}
{"level":"info","message":"GET /api/user/getByRole/customer/1/20 ::1 {} PostmanRuntime/7.36.1","timestamp":"2024-01-17T16:01:56.446Z"}
{"level":"info","message":"GET /api/user/getByRole/customer/1/20 ::1 {} PostmanRuntime/7.36.1","timestamp":"2024-01-17T16:02:15.142Z"}
{"level":"info","message":"GET /api/user/getByRole/customer/1/20 ::1 {} PostmanRuntime/7.36.1","timestamp":"2024-01-17T16:02:17.849Z"}
{"level":"info","message":"GET /api/user/getByRole/customer/1/20 ::1 {} PostmanRuntime/7.36.1","timestamp":"2024-01-17T16:02:40.669Z"}
{"level":"info","message":"GET /api/user/getByRole/customer/1/20 ::1 {} PostmanRuntime/7.36.1","timestamp":"2024-01-17T16:03:05.240Z"}
{"level":"info","message":"GET /api/user/getByRole/customer/1/20 ::1 {} PostmanRuntime/7.36.1","timestamp":"2024-01-17T16:03:14.997Z"}
{"level":"info","message":"GET /api/user/getByRole/customer/1/20 ::1 {} PostmanRuntime/7.36.1","timestamp":"2024-01-17T16:03:37.568Z"}
{"level":"info","message":"GET /api/user/getByRole/customer/1/20?email=&name=&phone= ::1 {} PostmanRuntime/7.36.1","timestamp":"2024-01-17T16:04:00.533Z"}
{"level":"info","message":"GET /api/user/getByRole/customer/1/20?email=an&name=&phone= ::1 {} PostmanRuntime/7.36.1","timestamp":"2024-01-17T16:04:11.384Z"}
{"level":"info","message":"GET /api/user/getByRole/customer/1/20?email=anas&name=&phone= ::1 {} PostmanRuntime/7.36.1","timestamp":"2024-01-17T16:04:17.435Z"}
{"level":"info","message":"GET /api/user/getByRole/customer/1/20?email=&name=&phone= ::1 {} PostmanRuntime/7.36.1","timestamp":"2024-01-17T16:05:10.595Z"}
{"level":"info","message":"GET /api/user/getByRole/customer/1/20?email=&name=anas&phone= ::1 {} PostmanRuntime/7.36.1","timestamp":"2024-01-17T16:05:16.849Z"}
{"level":"info","message":"GET /api/user/getByRole/customer/1/20?email=&name=&phone= ::1 {} PostmanRuntime/7.36.1","timestamp":"2024-01-17T16:05:25.775Z"}
{"level":"info","message":"GET /api/load/getAllLoads/1/10?loadNumber=&weight=&loadAddress=&unloadAddress=&loadType ::1 {} PostmanRuntime/7.36.1","timestamp":"2024-01-17T20:19:44.142Z"}
{"level":"info","message":"GET /api/load/getAllLoads/1/10?loadNumber=&weight=&loadAddress=&unloadAddress=&loadType ::1 {} PostmanRuntime/7.36.1","timestamp":"2024-01-17T20:20:24.193Z"}
{"level":"info","message":"GET /api/load/getAllLoads/1/10?loadNumber=&weight=&loadAddress=&unloadAddress=&loadType ::1 {} PostmanRuntime/7.36.1","timestamp":"2024-01-17T20:20:49.885Z"}
{"level":"info","message":"GET /api/load/getAllLoads/1/10?loadNumber=&weight=&loadAddress=&unloadAddress=&loadType ::1 {} PostmanRuntime/7.36.1","timestamp":"2024-01-17T20:21:05.350Z"}
{"level":"info","message":"GET /api/load/getAllLoads/1/10?loadNumber=&weight=&loadAddress=&unloadAddress=&loadType=&name=Anastasia ::1 {} PostmanRuntime/7.36.1","timestamp":"2024-01-17T20:29:05.891Z"}
{"level":"info","message":"GET /api/load/getAllLoads/1/10?loadNumber=&weight=&loadAddress=&unloadAddress=&loadType=&name=Anastasia ::1 {} PostmanRuntime/7.36.1","timestamp":"2024-01-17T20:29:31.086Z"}
{"level":"info","message":"GET /api/load/getAllLoads/1/10?loadNumber=&weight=&loadAddress=&unloadAddress=&loadType=&name=Anastasia ::1 {} PostmanRuntime/7.36.1","timestamp":"2024-01-17T20:30:10.691Z"}
{"level":"info","message":"GET /api/load/getAllLoads/1/10?loadNumber=&weight=&loadAddress=&unloadAddress=&loadType=&name=Anastasia ::1 {} PostmanRuntime/7.36.1","timestamp":"2024-01-17T20:30:12.426Z"}
{"level":"info","message":"GET /api/load/getAllLoads/1/10?loadNumber=&weight=&loadAddress=&unloadAddress=&loadType=&name=Anastasia ::1 {} PostmanRuntime/7.36.1","timestamp":"2024-01-17T20:30:26.667Z"}
{"level":"info","message":"GET /api/load/getAllLoads/1/10?loadNumber=&weight=&loadAddress=&unloadAddress=&loadType=&name=Anastasia ::1 {} PostmanRuntime/7.36.1","timestamp":"2024-01-17T20:30:45.350Z"}
{"level":"info","message":"GET /api/load/getAllLoads/1/10?loadNumber=&weight=&loadAddress=&unloadAddress=&loadType=&name=Anastasia ::1 {} PostmanRuntime/7.36.1","timestamp":"2024-01-17T20:31:03.929Z"}
{"level":"info","message":"GET /api/load/getAllLoads/1/10?loadNumber=&weight=&loadAddress=&unloadAddress=&loadType=&name=Anastasia ::1 {} PostmanRuntime/7.36.1","timestamp":"2024-01-17T20:31:40.755Z"}
{"level":"info","message":"GET /api/load/getAllLoads/1/10?loadNumber=&weight=&loadAddress=&unloadAddress=&loadType=&name=Anastasia ::1 {} PostmanRuntime/7.36.1","timestamp":"2024-01-17T20:31:56.143Z"}
{"level":"info","message":"GET /api/load/getAllLoads/1/10?loadNumber=&weight=&loadAddress=&unloadAddress=&loadType=&name=Anastasia ::1 {} PostmanRuntime/7.36.1","timestamp":"2024-01-17T20:32:13.289Z"}
{"level":"info","message":"GET /api/load/getAllLoads/1/10?loadNumber=&weight=&loadAddress=&unloadAddress=&loadType=&name=Anastasia ::1 {} PostmanRuntime/7.36.1","timestamp":"2024-01-17T20:32:26.392Z"}
{"level":"info","message":"GET /api/load/getAllLoads/1/10?loadNumber=&weight=&loadAddress=&unloadAddress=&loadType=&name=Anastasia&email=abdullahsevmez@gmail.com ::1 {} PostmanRuntime/7.36.1","timestamp":"2024-01-17T20:36:16.555Z"}
{"level":"info","message":"GET /api/load/getAllLoads/1/10?loadNumber=&weight=&loadAddress=&unloadAddress=&loadType=&name=Anastasia&email=abdullahsevmez@gmail.com ::1 {} PostmanRuntime/7.36.1","timestamp":"2024-01-17T20:36:20.311Z"}
{"level":"info","message":"GET /api/load/getAllLoads/1/10?loadNumber=&weight=&loadAddress=&unloadAddress=&loadType=&name=&email=abdullahsevmez@gmail.com ::1 {} PostmanRuntime/7.36.1","timestamp":"2024-01-17T20:36:27.710Z"}
{"level":"info","message":"GET /api/load/getAllLoads/1/10?loadNumber=&weight=&loadAddress=&unloadAddress=&loadType=&name=Anastasia&email= ::1 {} PostmanRuntime/7.36.1","timestamp":"2024-01-17T20:36:49.053Z"}
{"level":"info","message":"GET /api/load/getAllLoads/1/10?loadNumber=&weight=&loadAddress=&unloadAddress=&loadType=&name=&email= ::1 {} PostmanRuntime/7.36.1","timestamp":"2024-01-17T20:37:27.053Z"}
{"level":"info","message":"GET /api/load/getAllLoads/1/10?loadNumber=&weight=&loadAddress=&unloadAddress=&loadType=&name=Anastasia&email= ::1 {} PostmanRuntime/7.36.1","timestamp":"2024-01-17T20:38:03.558Z"}
{"level":"info","message":"GET /api/load/getAllLoads/1/10?loadNumber=&weight=&loadAddress=&unloadAddress=&loadType=&name=Anastasia&email= ::1 {} PostmanRuntime/7.36.1","timestamp":"2024-01-17T20:38:28.296Z"}
{"level":"info","message":"GET /api/load/getAllLoads/1/10?loadNumber=&weight=&loadAddress=&unloadAddress=&loadType=&name=Anastasia&email= ::1 {} PostmanRuntime/7.36.1","timestamp":"2024-01-17T20:39:26.072Z"}
{"level":"info","message":"GET /api/load/getAllLoads/1/10?loadNumber=&weight=&loadAddress=&unloadAddress=&loadType=&name=Anastasia&email= ::1 {} PostmanRuntime/7.36.1","timestamp":"2024-01-17T20:40:00.293Z"}
{"level":"info","message":"GET /api/load/getAllLoads/1/10?loadNumber=&weight=&loadAddress=&unloadAddress=&loadType=&name=Anastasia&email= ::1 {} PostmanRuntime/7.36.1","timestamp":"2024-01-17T20:40:02.818Z"}
{"level":"info","message":"GET /api/load/getAllLoads/1/10?loadNumber=&weight=&loadAddress=&unloadAddress=&loadType=&name=Anastasia&email= ::1 {} PostmanRuntime/7.36.1","timestamp":"2024-01-17T20:41:10.928Z"}
{"level":"info","message":"GET /api/load/getAllLoads/1/10?loadNumber=&weight=&loadAddress=&unloadAddress=&loadType=&name=Anastasia&email= ::1 {} PostmanRuntime/7.36.1","timestamp":"2024-01-17T20:41:30.428Z"}
{"level":"info","message":"GET /api/load/getAllLoads/1/10?loadNumber=&weight=&loadAddress=&unloadAddress=&loadType=&name=Anastasia&email= ::1 {} PostmanRuntime/7.36.1","timestamp":"2024-01-17T20:41:58.553Z"}
{"level":"info","message":"GET /api/load/getAllLoads/1/10?loadNumber=&weight=&loadAddress=&unloadAddress=&loadType=&name=Alitan&email= ::1 {} PostmanRuntime/7.36.1","timestamp":"2024-01-17T20:42:11.463Z"}
{"level":"info","message":"GET /api/load/getAllLoads/1/10?loadNumber=&weight=&loadAddress=&unloadAddress=&loadType=&name=&email=alitan ::1 {} PostmanRuntime/7.36.1","timestamp":"2024-01-17T20:42:20.523Z"}
{"level":"info","message":"GET /api/load/getAllLoads/1/10?loadNumber=&weight=&loadAddress=&unloadAddress=&loadType=&name= ::1 {} PostmanRuntime/7.36.1","timestamp":"2024-01-17T20:42:49.657Z"}
{"level":"info","message":"GET /api/load/getAllLoads/1/10?loadNumber=&weight=&loadAddress=&unloadAddress=&loadType=&name= ::1 {} PostmanRuntime/7.36.1","timestamp":"2024-01-17T20:43:57.731Z"}
{"level":"info","message":"GET /api/load/getAllLoads/1/10?loadNumber=&weight=&loadAddress=&unloadAddress=&loadType=&name= ::1 {} PostmanRuntime/7.36.1","timestamp":"2024-01-17T20:44:32.433Z"}
{"level":"info","message":"GET /api/load/getAllLoads/1/10?loadNumber=&weight=&loadAddress=&unloadAddress=&loadType=&name= ::1 {} PostmanRuntime/7.36.1","timestamp":"2024-01-17T20:46:14.200Z"}
{"level":"info","message":"GET /api/load/getAllLoads/1/10?loadNumber=&weight=&loadAddress=&unloadAddress=&loadType=&name=Alitan ::1 {} PostmanRuntime/7.36.1","timestamp":"2024-01-17T20:46:20.683Z"}
{"level":"info","message":"GET /api/load/getAllLoads/1/10?loadNumber=&weight=&loadAddress=&unloadAddress=&loadType=&name= ::1 {} PostmanRuntime/7.36.1","timestamp":"2024-01-17T20:46:26.302Z"}
